# JRE version: Java(TM) SE Runtime Environment (9.0+11) (build 9.0.4+11)
# Java VM: Java HotSpot(TM) 64-Bit Server VM (9.0.4+11, mixed mode, tiered, compressed oops, g1 gc, windows-amd64)
Heap:
 garbage-first heap   total 352256K, used 158536K [0x0000000700000000, 0x0000000700100ac0, 0x00000007c0000000)
  region size 1024K, 27 young (27648K), 3 survivors (3072K)
 Metaspace       used 97817K, capacity 100500K, committed 103600K, reserved 1138688K
  class space    used 13574K, capacity 14124K, committed 14768K, reserved 1048576K
GC Heap History (10 events):
Event: 9687.215 GC heap before
{Heap before GC invocations=900 (full 101):
 garbage-first heap   total 352256K, used 193322K [0x0000000700000000, 0x0000000700100ac0, 0x00000007c0000000)
  region size 1024K, 60 young (61440K), 4 survivors (4096K)
 Metaspace       used 97747K, capacity 100404K, committed 103600K, reserved 1138688K
  class space    used 13560K, capacity 14092K, committed 14768K, reserved 1048576K
}
Event: 9687.222 GC heap after
{Heap after GC invocations=901 (full 101):
 garbage-first heap   total 352256K, used 136184K [0x0000000700000000, 0x0000000700100ac0, 0x00000007c0000000)
  region size 1024K, 4 young (4096K), 4 survivors (4096K)
 Metaspace       used 97747K, capacity 100404K, committed 103600K, reserved 1138688K
  class space    used 13560K, capacity 14092K, committed 14768K, reserved 1048576K
}
Event: 9689.769 GC heap before
{Heap before GC invocations=901 (full 101):
 garbage-first heap   total 352256K, used 193528K [0x0000000700000000, 0x0000000700100ac0, 0x00000007c0000000)
  region size 1024K, 60 young (61440K), 4 survivors (4096K)
 Metaspace       used 97747K, capacity 100404K, committed 103600K, reserved 1138688K
  class space    used 13560K, capacity 14092K, committed 14768K, reserved 1048576K
}
Event: 9689.776 GC heap after
{Heap after GC invocations=902 (full 101):
 garbage-first heap   total 352256K, used 136480K [0x0000000700000000, 0x0000000700100ac0, 0x00000007c0000000)
  region size 1024K, 4 young (4096K), 4 survivors (4096K)
 Metaspace       used 97747K, capacity 100404K, committed 103600K, reserved 1138688K
  class space    used 13560K, capacity 14092K, committed 14768K, reserved 1048576K
}
Event: 9691.872 GC heap before
{Heap before GC invocations=902 (full 101):
 garbage-first heap   total 352256K, used 193824K [0x0000000700000000, 0x0000000700100ac0, 0x00000007c0000000)
  region size 1024K, 60 young (61440K), 4 survivors (4096K)
 Metaspace       used 97747K, capacity 100404K, committed 103600K, reserved 1138688K
  class space    used 13560K, capacity 14092K, committed 14768K, reserved 1048576K
}
Event: 9691.878 GC heap after
{Heap after GC invocations=903 (full 101):
 garbage-first heap   total 352256K, used 136296K [0x0000000700000000, 0x0000000700100ac0, 0x00000007c0000000)
  region size 1024K, 4 young (4096K), 4 survivors (4096K)
 Metaspace       used 97747K, capacity 100404K, committed 103600K, reserved 1138688K
  class space    used 13560K, capacity 14092K, committed 14768K, reserved 1048576K
}
Event: 9692.896 GC heap before
{Heap before GC invocations=903 (full 101):
 garbage-first heap   total 352256K, used 193640K [0x0000000700000000, 0x0000000700100ac0, 0x00000007c0000000)
  region size 1024K, 60 young (61440K), 4 survivors (4096K)
 Metaspace       used 97748K, capacity 100404K, committed 103600K, reserved 1138688K
  class space    used 13560K, capacity 14092K, committed 14768K, reserved 1048576K
}
Event: 9692.901 GC heap after
{Heap after GC invocations=904 (full 101):
 garbage-first heap   total 352256K, used 135716K [0x0000000700000000, 0x0000000700100ac0, 0x00000007c0000000)
  region size 1024K, 4 young (4096K), 4 survivors (4096K)
 Metaspace       used 97748K, capacity 100404K, committed 103600K, reserved 1138688K
  class space    used 13560K, capacity 14092K, committed 14768K, reserved 1048576K
}
Event: 9693.559 GC heap before
{Heap before GC invocations=904 (full 101):
 garbage-first heap   total 352256K, used 193060K [0x0000000700000000, 0x0000000700100ac0, 0x00000007c0000000)
  region size 1024K, 60 young (61440K), 4 survivors (4096K)
 Metaspace       used 97748K, capacity 100404K, committed 103600K, reserved 1138688K
  class space    used 13560K, capacity 14092K, committed 14768K, reserved 1048576K
}
Event: 9693.564 GC heap after
{Heap after GC invocations=905 (full 101):
 garbage-first heap   total 352256K, used 134984K [0x0000000700000000, 0x0000000700100ac0, 0x00000007c0000000)
  region size 1024K, 3 young (3072K), 3 survivors (3072K)
 Metaspace       used 97748K, capacity 100404K, committed 103600K, reserved 1138688K
  class space    used 13560K, capacity 14092K, committed 14768K, reserved 1048576K
}

